2024-03-27 15:55:51,753 - INFO - Arquivo ./assets/new_challenge.csv criado com sucesso.
2024-03-27 15:55:56,515 - INFO - ['Beatriz', 'Rocha', 'Automotive engineer', "Pup 'N' Taco", 'Rua Rio Grande do Sul, 345', 'BeatrizCunhaRocha@teleworm.us', '(14) 3126-2565']
2024-03-27 15:55:58,571 - INFO - ['Tomás', 'Carvalho', 'Billing clerk', 'Jackpot Consultant', 'Rua do Império, 615', 'TomasCostaCarvalho@dayrep.com', '(32) 6081-4321']
2024-03-27 15:56:00,398 - INFO - ['Bruna', 'Melo', 'Aircraft electronic systems specialist', "Scotty's Builders Supply", 'Rua Progresso, 871', 'BrunaGomesMelo@dayrep.com', '(47) 8774-2559']
2024-03-27 15:56:01,979 - INFO - ['Fernanda', 'Lima', 'Information architect', 'Widdmann', 'Quadra QN 403 Bloco D, 251', 'FernandaOliveiraLima@jourrapide.com', '(61) 4118-4663']
2024-03-27 15:56:03,721 - INFO - ['Eduardo', 'Gomes', 'Subway operator', 'Red Bears Tavern', 'Rua Cento e Dois-A, 48', 'EduardoBarrosGomes@dayrep.com', '(81) 5447-2434']
2024-03-27 15:56:05,522 - INFO - ['Lara', 'Ribeiro', 'Industrial economist', 'Virgin Megastores', 'Rua Manoel Rocha Soares, 877', 'LaraBarbosaRibeiro@dayrep.com', '(28) 9981-4370']
2024-03-27 15:56:07,079 - INFO - ['Ágatha', 'Pereira', 'Education and training manager', 'Adray', 'Quadra QNG 41, 68', 'AgathaAlmeidaPereira@armyspy.com', '(61) 9512-8695']
2024-03-27 15:56:08,916 - INFO - ['Eduarda', 'Santos', 'Electronic equipment repairer', "Al's Auto Parts", 'Rua João Huss, 1000', 'EduardaCastroSantos@armyspy.com', '(43) 8694-3041']
2024-03-27 15:56:10,700 - INFO - ['Bruno', 'Melo', 'Dyeing machine operator', 'Creative Wealth', 'Rua Rio Tibagi, 517', 'BrunoCorreiaMelo@dayrep.com', '(44) 3661-8874']
2024-03-27 15:56:12,537 - INFO - ['Erick', 'Barbosa', 'Elevator repairer', 'Naugles', 'Acesso N, 640', 'ErickPintoBarbosa@jourrapide.com', '(51) 3961-4410']
2024-03-27 15:59:23,177 - INFO - Arquivo ./assets/new_challenge.csv criado com sucesso.
2024-03-27 15:59:23,731 - INFO - ['Ana', 'Martins', 'Silversmith', 'Garden Master', 'Rua Luiz Alves, 461', 'AnaRodriguesMartins@dayrep.com', '(47) 3633-2164']
2024-03-27 15:59:24,865 - INFO - ['Enzo', 'Almeida', 'Water resources engineer', 'Las Vegas Yard Management', 'Rua Madame Curie, 1019', 'EnzoLimaAlmeida@armyspy.com', '(12) 4798-2152']
2024-03-27 15:59:25,970 - INFO - ['Mariana', 'Castro', 'Bonus clerk', 'Dream Home Real Estate Service', 'Rua Manoel Vieira Melo, 1882', 'MarianaCorreiaCastro@teleworm.us', '(79) 5733-2713']
2024-03-27 15:59:27,029 - INFO - ['Davi', 'Melo', 'Clerk typist', 'Monk Home Loans', 'Rua Manoel de Freitas Silva, 261', 'DaviCavalcantiMelo@armyspy.com', '(83) 3063-6452']
2024-03-27 15:59:28,066 - INFO - ['Bianca', 'Fernandes', 'Medical equipment repairer', 'Gold Touch', 'Rua Bela, 745', 'BiancaMartinsFernandes@teleworm.us', '(31) 8340-5201']
2024-03-27 15:59:29,155 - INFO - ['Isabella', 'Araujo', 'Crop scientist', 'Plan Smart Partner', 'Rua Paxiuba, 1598', 'IsabellaRodriguesAraujo@rhyta.com', '(11) 9440-4281']
2024-03-27 15:59:30,251 - INFO - ['Manuela', 'Cavalcanti', 'Employee benefits specialist', 'Seamans Furniture', 'Rua Otto Schmidt, 788', 'ManuelaCunhaCavalcanti@armyspy.com', '(47) 4100-2705']
2024-03-27 15:59:31,384 - INFO - ['Ágatha', 'Melo', 'Office helper', 'Thrift Auto Parts', 'Rua São Geraldo, 1276', 'AgathaRodriguesMelo@armyspy.com', '(34) 6977-8651']
2024-03-27 15:59:32,510 - INFO - ['Manuela', 'Cunha', 'First mate', 'Accord Investments', 'Quadra QNO 19 Conjunto F, 83', 'ManuelaCardosoCunha@teleworm.us', '(61) 4335-6482']
2024-03-27 15:59:33,573 - INFO - ['Lavinia', 'Fernandes', 'Public relations manager', 'House 2 Home', 'Rua Expedito Martiniano de Souza, 1213', 'LaviniaPereiraFernandes@teleworm.us', '(31) 8446-9180']
2024-03-27 16:03:54,863 - INFO - Arquivo ./assets/new_challenge.csv criado com sucesso.
2024-03-27 16:03:55,414 - INFO - ['Antônio', 'Souza', 'Short haul or local truck driver', 'First Rate Choice', 'Travessa Feb, 137', 'AntonioCastroSouza@dayrep.com', '(67) 9256-9711']
2024-03-27 16:03:56,521 - INFO - ['Rafael', 'Souza', 'Stock broker', 'Planet Profit', 'Rua Miguel Joaquim César, 665', 'RafaelMartinsSouza@teleworm.us', '(81) 2738-6730']
2024-03-27 16:03:57,597 - INFO - ['Nicole', 'Pereira', 'Ornamental ironworker', 'The White Rabbit', 'Rua Lídia da Silva Oliveira, 993', 'NicoleAlmeidaPereira@jourrapide.com', '(79) 6890-6765']
2024-03-27 16:03:58,696 - INFO - ['Beatriz', 'Barros', 'Materials engineer', 'Thrift Auto Parts', 'Rua Leonardo Evangelista, 1639', 'BeatrizCarvalhoBarros@dayrep.com', '(75) 3562-7871']
2024-03-27 16:03:59,743 - INFO - ['Ryan', 'Barbosa', 'Livestock farmer', 'VitaGrey', 'Travessa Felipe Camarão, 1176', 'RyanCardosoBarbosa@armyspy.com', '(34) 4843-3838']
2024-03-27 16:04:01,929 - INFO - ['Kai', 'Barros', 'Media specialist', 'Asian Junction', 'Travessa José Eugênio, 1268', 'KaiPereiraBarros@dayrep.com', '(11) 6659-9383']
2024-03-27 16:04:03,140 - INFO - ['Gabrielle', 'Ribeiro', 'Psychiatric technician', 'ManPower', 'Travessa João Aguirre, 1300', 'GabrielleCardosoRibeiro@dayrep.com', '(27) 3185-2319']
2024-03-27 16:04:04,292 - INFO - ['Matheus', 'Araujo', 'Health services manager', 'Monk Home Loans', 'Rua Santa Catarina, 898', 'MatheusDiasAraujo@armyspy.com', '(62) 4933-2784']
2024-03-27 16:04:05,449 - INFO - ['André', 'Castro', 'Courtesy van driver', 'Jack Lang', 'Conjunto 01 HI Rua 23, 91', 'AndreFerreiraCastro@dayrep.com', '(61) 4050-7741']
2024-03-27 16:04:06,713 - INFO - ['Giovana', 'Pereira', 'Educational consultant', 'Chargepal', 'Rua Doutor Cincinato Braga, 1291', 'GiovanaRodriguesPereira@armyspy.com', '(11) 6533-7366']
